#
# A fatal error has been detected by the Java Runtime Environment:
#
#  Internal Error (classFileParser.cpp:3494), pid=14050, tid=3063958384
#  Error: ShouldNotReachHere()
#
# JRE version: 6.0_25-b06
# Java VM: Java HotSpot(TM) Server VM (20.0-b11 mixed mode linux-x86 )
# If you would like to submit a bug report, please visit:
#   http://java.sun.com/webapps/bugreport/crash.jsp
#

---------------  T H R E A D  ---------------

Current thread (0x09a61400):  JavaThread "Unknown thread" [_thread_in_vm, id=14051, stack(0xb69b4000,0xb6a05000)]

Stack: [0xb69b4000,0xb6a05000],  sp=0xb6a037d0,  free space=317k
Native frames: (J=compiled Java code, j=interpreted, Vv=VM code, C=native code)
V  [libjvm.so+0x724710]  JVM_handle_linux_signal+0x140870
V  [libjvm.so+0x2f699f]  pthread_attr_init+0x2f699f
V  [libjvm.so+0x28cf1a]  pthread_attr_init+0x28cf1a
V  [libjvm.so+0x292f61]  pthread_attr_init+0x292f61
V  [libjvm.so+0x6b3bc2]  JVM_handle_linux_signal+0xcfd22
V  [libjvm.so+0x6b1c5e]  JVM_handle_linux_signal+0xcddbe
V  [libjvm.so+0x6b0a26]  JVM_handle_linux_signal+0xccb86
V  [libjvm.so+0x6b0690]  JVM_handle_linux_signal+0xcc7f0
V  [libjvm.so+0x6b54aa]  JVM_handle_linux_signal+0xd160a
V  [libjvm.so+0x6b553c]  JVM_handle_linux_signal+0xd169c
V  [libjvm.so+0x6b5600]  JVM_handle_linux_signal+0xd1760
V  [libjvm.so+0x6b53d1]  JVM_handle_linux_signal+0xd1531
V  [libjvm.so+0x6fc1ba]  JVM_handle_linux_signal+0x11831a
V  [libjvm.so+0x6fd87f]  JVM_handle_linux_signal+0x1199df
V  [libjvm.so+0x3b8f88]  AsyncGetCallTrace+0x6a588
V  [libjvm.so+0x6e5212]  JVM_handle_linux_signal+0x101372
V  [libjvm.so+0x413b96]  JNI_CreateJavaVM+0x56
C  [java+0x305c]
C  [java+0x1942]  JavaMain+0x72
C  [libpthread.so.0+0x6c77]  short+0xc7


---------------  P R O C E S S  ---------------

Java Threads: ( => current thread )

Other Threads:

=>0x09a61400 (exited) JavaThread "Unknown thread" [_thread_in_vm, id=14051, stack(0xb69b4000,0xb6a05000)]

VM state:not at safepoint (not fully initialized)

VM Mutex/Monitor currently owned by a thread: None

Dynamic libraries:
08048000-08052000 r-xp 00000000 08:03 1446       /opt/java/jre/bin/java
08052000-08053000 rwxp 00009000 08:03 1446       /opt/java/jre/bin/java
09a5c000-09acb000 rwxp 00000000 00:00 0          [heap]
7fe66000-7fec5000 r-xs 00492000 08:03 414868     /opt/android-sdk/platforms/android-7/android.jar
7fec5000-7fec6000 ---p 00000000 00:00 0 
7fec6000-7ff46000 rwxp 00000000 00:00 0 
7ff46000-7ff47000 ---p 00000000 00:00 0 
7ff47000-7ffcf000 rwxp 00000000 00:00 0 
7ffcf000-7ffe7000 rwxp 00000000 00:00 0 
7ffe7000-7fff7000 rwxp 00000000 00:00 0 
7fff7000-800e4000 rwxp 00000000 00:00 0 
800e4000-800ec000 rwxp 00000000 00:00 0 
800ec000-80104000 rwxp 00000000 00:00 0 
80104000-80114000 rwxp 00000000 00:00 0 
80114000-80200000 rwxp 00000000 00:00 0 
80200000-80209000 rwxp 00000000 00:00 0 
80209000-8027f000 rwxp 00000000 00:00 0 
8027f000-81280000 rwxp 00000000 00:00 0 
81280000-84280000 rwxp 00000000 00:00 0 
84280000-86210000 rwxp 00000000 00:00 0 
86210000-a3be0000 rwxp 00000000 00:00 0 
a3be0000-a4ba0000 rwxp 00000000 00:00 0 
a4ba0000-b3880000 rwxp 00000000 00:00 0 
b388d000-b3896000 rwxp 00000000 00:00 0 
b3896000-b394d000 rwxp 00000000 00:00 0 
b394d000-b3b8d000 rwxp 00000000 00:00 0 
b3b8d000-b694d000 rwxp 00000000 00:00 0 
b694d000-b6958000 r-xp 00000000 08:03 1566755    /lib/libnss_files-2.13.so
b6958000-b6959000 r-xp 0000a000 08:03 1566755    /lib/libnss_files-2.13.so
b6959000-b695a000 rwxp 0000b000 08:03 1566755    /lib/libnss_files-2.13.so
b696d000-b697c000 r-xp 00000000 08:03 1392       /opt/java/jre/lib/i386/libzip.so
b697c000-b697e000 rwxp 0000e000 08:03 1392       /opt/java/jre/lib/i386/libzip.so
b697e000-b6986000 rwxs 00000000 08:03 797427     /tmp/hsperfdata_theisje/14050
b6986000-b69a9000 r-xp 00000000 08:03 1391       /opt/java/jre/lib/i386/libjava.so
b69a9000-b69ab000 rwxp 00023000 08:03 1391       /opt/java/jre/lib/i386/libjava.so
b69ab000-b69b2000 r-xp 00000000 08:03 1579293    /lib/librt-2.13.so
b69b2000-b69b3000 r-xp 00006000 08:03 1579293    /lib/librt-2.13.so
b69b3000-b69b4000 rwxp 00007000 08:03 1579293    /lib/librt-2.13.so
b69b4000-b69b7000 ---p 00000000 00:00 0 
b69b7000-b6a05000 rwxp 00000000 00:00 0 
b6a05000-b6a2d000 r-xp 00000000 08:03 1566735    /lib/libm-2.13.so
b6a2d000-b6a2e000 r-xp 00027000 08:03 1566735    /lib/libm-2.13.so
b6a2e000-b6a2f000 rwxp 00028000 08:03 1566735    /lib/libm-2.13.so
b6a2f000-b71e1000 r-xp 00000000 08:03 1436       /opt/java/jre/lib/i386/server/libjvm.so
b71e1000-b7235000 rwxp 007b1000 08:03 1436       /opt/java/jre/lib/i386/server/libjvm.so
b7235000-b7654000 rwxp 00000000 00:00 0 
b7654000-b77b3000 r-xp 00000000 08:03 1566736    /lib/libc-2.13.so
b77b3000-b77b4000 ---p 0015f000 08:03 1566736    /lib/libc-2.13.so
b77b4000-b77b6000 r-xp 0015f000 08:03 1566736    /lib/libc-2.13.so
b77b6000-b77b7000 rwxp 00161000 08:03 1566736    /lib/libc-2.13.so
b77b7000-b77bb000 rwxp 00000000 00:00 0 
b77bb000-b77be000 r-xp 00000000 08:03 1566723    /lib/libdl-2.13.so
b77be000-b77bf000 r-xp 00002000 08:03 1566723    /lib/libdl-2.13.so
b77bf000-b77c0000 rwxp 00003000 08:03 1566723    /lib/libdl-2.13.so
b77c0000-b77c7000 r-xp 00000000 08:03 1429       /opt/java/jre/lib/i386/jli/libjli.so
b77c7000-b77c9000 rwxp 00006000 08:03 1429       /opt/java/jre/lib/i386/jli/libjli.so
b77c9000-b77e0000 r-xp 00000000 08:03 1566734    /lib/libpthread-2.13.so
b77e0000-b77e1000 r-xp 00016000 08:03 1566734    /lib/libpthread-2.13.so
b77e1000-b77e2000 rwxp 00017000 08:03 1566734    /lib/libpthread-2.13.so
b77e2000-b77e4000 rwxp 00000000 00:00 0 
b77e9000-b77ea000 rwxp 00000000 00:00 0 
b77ea000-b77eb000 r-xp 00000000 00:00 0 
b77eb000-b7800000 r-xp 00000000 08:03 1566746    /lib/libnsl-2.13.so
b7800000-b7801000 r-xp 00015000 08:03 1566746    /lib/libnsl-2.13.so
b7801000-b7802000 rwxp 00016000 08:03 1566746    /lib/libnsl-2.13.so
b7802000-b7804000 rwxp 00000000 00:00 0 
b7804000-b780f000 r-xp 00000000 08:03 1390       /opt/java/jre/lib/i386/libverify.so
b780f000-b7810000 rwxp 0000b000 08:03 1390       /opt/java/jre/lib/i386/libverify.so
b7810000-b7811000 rwxp 00000000 00:00 0 
b7811000-b7812000 r-xp 00000000 00:00 0          [vdso]
b7812000-b7830000 r-xp 00000000 08:03 1566749    /lib/ld-2.13.so
b7830000-b7831000 r-xp 0001d000 08:03 1566749    /lib/ld-2.13.so
b7831000-b7832000 rwxp 0001e000 08:03 1566749    /lib/ld-2.13.so
bf97e000-bf99f000 rwxp 00000000 00:00 0          [stack]

VM Arguments:
jvm_args: -ea -Dfile.encoding=UTF-8 -Xbootclasspath:/opt/android-sdk/platforms/android-7/android.jar 
java_command: org.testng.remote.RemoteTestNG -serport 46399 -d /home/theisje/school/android/Fortune/test-output /home/theisje/school/android/Fortune/res/layout/main.xml
Launcher Type: SUN_STANDARD

Environment Variables:
JAVA_HOME=/opt/java
PATH=/usr/local/bin:/usr/bin:/bin:/usr/local/sbin:/usr/sbin:/sbin:/opt/android-sdk/tools:/usr/share/java/apache-ant/bin:/opt/java/bin:/opt/java/db/bin:/opt/java/jre/bin:/usr/bin/core_perl
LD_LIBRARY_PATH=/opt/java/jre/lib/i386/server:/opt/java/jre/lib/i386:/opt/java/jre/../lib/i386:/opt/java/jre/lib/i386/client:/opt/java/jre/lib/i386:
SHELL=/bin/zsh
DISPLAY=:0.0

Signal Handlers:
SIGSEGV: [libjvm.so+0x725370], sa_mask[0]=0x7ffbfeff, sa_flags=0x10000004
SIGBUS: [libjvm.so+0x725370], sa_mask[0]=0x7ffbfeff, sa_flags=0x10000004
SIGFPE: [libjvm.so+0x5dfd80], sa_mask[0]=0x7ffbfeff, sa_flags=0x10000004
SIGPIPE: [libjvm.so+0x5dfd80], sa_mask[0]=0x7ffbfeff, sa_flags=0x10000004
SIGXFSZ: [libjvm.so+0x5dfd80], sa_mask[0]=0x7ffbfeff, sa_flags=0x10000004
SIGILL: [libjvm.so+0x5dfd80], sa_mask[0]=0x7ffbfeff, sa_flags=0x10000004
SIGUSR1: SIG_DFL, sa_mask[0]=0x00000000, sa_flags=0x00000000
SIGUSR2: [libjvm.so+0x5e2fc0], sa_mask[0]=0x00000004, sa_flags=0x10000004
SIGHUP: SIG_DFL, sa_mask[0]=0x00000000, sa_flags=0x00000000
SIGINT: SIG_DFL, sa_mask[0]=0x00000000, sa_flags=0x00000000
SIGTERM: SIG_DFL, sa_mask[0]=0x00000000, sa_flags=0x00000000
SIGQUIT: SIG_DFL, sa_mask[0]=0x00000000, sa_flags=0x00000000


---------------  S Y S T E M  ---------------

OS:Linux
uname:Linux 2.6.38-ARCH #1 SMP PREEMPT Fri Apr 22 17:48:36 UTC 2011 i686
libc:glibc 2.13 NPTL 2.13 
rlimit: STACK 8192k, CORE 0k, NPROC 24191, NOFILE 1024, AS infinity
load average:0.04 0.24 0.28

/proc/meminfo:
MemTotal:        3098640 kB
MemFree:          754220 kB
Buffers:          235472 kB
Cached:          1120556 kB
SwapCached:          424 kB
Active:          1458184 kB
Inactive:         744400 kB
Active(anon):     597668 kB
Inactive(anon):   251988 kB
Active(file):     860516 kB
Inactive(file):   492412 kB
Unevictable:           0 kB
Mlocked:               0 kB
HighTotal:       2236104 kB
HighFree:         493336 kB
LowTotal:         862536 kB
LowFree:          260884 kB
SwapTotal:       6297476 kB
SwapFree:        6295064 kB
Dirty:               176 kB
Writeback:             0 kB
AnonPages:        846264 kB
Mapped:           126796 kB
Shmem:              2924 kB
Slab:             101716 kB
SReclaimable:      89244 kB
SUnreclaim:        12472 kB
KernelStack:        2792 kB
PageTables:         5188 kB
NFS_Unstable:          0 kB
Bounce:                0 kB
WritebackTmp:          0 kB
CommitLimit:     7846796 kB
Committed_AS:    2442064 kB
VmallocTotal:     122880 kB
VmallocUsed:       55136 kB
VmallocChunk:      17404 kB
HardwareCorrupted:     0 kB
AnonHugePages:    327680 kB
HugePages_Total:       0
HugePages_Free:        0
HugePages_Rsvd:        0
HugePages_Surp:        0
Hugepagesize:       4096 kB
DirectMap4k:       61432 kB
DirectMap4M:      847872 kB


CPU:total 2 (2 cores per cpu, 1 threads per core) family 6 model 15 stepping 11, cmov, cx8, fxsr, mmx, sse, sse2, sse3, ssse3

/proc/cpuinfo:
processor	: 0
vendor_id	: GenuineIntel
cpu family	: 6
model		: 15
model name	: Intel(R) Core(TM)2 Duo CPU     T7800  @ 2.60GHz
stepping	: 11
cpu MHz		: 2593.520
cache size	: 4096 KB
physical id	: 0
siblings	: 2
core id		: 0
cpu cores	: 2
apicid		: 0
initial apicid	: 0
fdiv_bug	: no
hlt_bug		: no
f00f_bug	: no
coma_bug	: no
fpu		: yes
fpu_exception	: yes
cpuid level	: 10
wp		: yes
flags		: fpu vme de pse tsc msr pae mce cx8 apic sep mtrr pge mca cmov pat pse36 clflush dts acpi mmx fxsr sse sse2 ss ht tm pbe nx lm constant_tsc arch_perfmon pebs bts aperfmperf pni dtes64 monitor ds_cpl vmx est tm2 ssse3 cx16 xtpr pdcm lahf_lm ida dts tpr_shadow vnmi flexpriority
bogomips	: 5189.16
clflush size	: 64
cache_alignment	: 64
address sizes	: 36 bits physical, 48 bits virtual
power management:

processor	: 1
vendor_id	: GenuineIntel
cpu family	: 6
model		: 15
model name	: Intel(R) Core(TM)2 Duo CPU     T7800  @ 2.60GHz
stepping	: 11
cpu MHz		: 2593.520
cache size	: 4096 KB
physical id	: 0
siblings	: 2
core id		: 1
cpu cores	: 2
apicid		: 1
initial apicid	: 1
fdiv_bug	: no
hlt_bug		: no
f00f_bug	: no
coma_bug	: no
fpu		: yes
fpu_exception	: yes
cpuid level	: 10
wp		: yes
flags		: fpu vme de pse tsc msr pae mce cx8 apic sep mtrr pge mca cmov pat pse36 clflush dts acpi mmx fxsr sse sse2 ss ht tm pbe nx lm constant_tsc arch_perfmon pebs bts aperfmperf pni dtes64 monitor ds_cpl vmx est tm2 ssse3 cx16 xtpr pdcm lahf_lm ida dts tpr_shadow vnmi flexpriority
bogomips	: 5189.07
clflush size	: 64
cache_alignment	: 64
address sizes	: 36 bits physical, 48 bits virtual
power management:



Memory: 4k page, physical 3098640k(754220k free), swap 6297476k(6295064k free)

vm_info: Java HotSpot(TM) Server VM (20.0-b11) for linux-x86 JRE (1.6.0_25-b06), built on Apr 14 2011 01:12:39 by "java_re" with gcc 3.2.1-7a (J2SE release)

time: Wed May  4 03:37:28 2011
elapsed time: 0 seconds

